{"/home/aivaras/Code/scrolltable/src/App.vue": {"path":"/home/aivaras/Code/scrolltable/src/App.vue","all":false,"statementMap":{"0":{"start":{"line":1,"column":0},"end":{"line":1,"column":24}},"1":{"start":{"line":2,"column":0},"end":{"line":2,"column":64}},"2":{"start":{"line":3,"column":0},"end":{"line":3,"column":63}},"3":{"start":{"line":4,"column":0},"end":{"line":4,"column":45}},"4":{"start":{"line":5,"column":0},"end":{"line":5,"column":0}},"5":{"start":{"line":6,"column":0},"end":{"line":6,"column":69}},"6":{"start":{"line":7,"column":0},"end":{"line":7,"column":43}},"7":{"start":{"line":8,"column":0},"end":{"line":8,"column":31}},"8":{"start":{"line":9,"column":0},"end":{"line":9,"column":31}},"9":{"start":{"line":10,"column":0},"end":{"line":10,"column":33}},"10":{"start":{"line":11,"column":0},"end":{"line":11,"column":25}},"11":{"start":{"line":12,"column":0},"end":{"line":12,"column":55}},"12":{"start":{"line":13,"column":0},"end":{"line":13,"column":0}},"13":{"start":{"line":14,"column":0},"end":{"line":14,"column":64}},"14":{"start":{"line":15,"column":0},"end":{"line":15,"column":67}},"15":{"start":{"line":16,"column":0},"end":{"line":16,"column":42}},"16":{"start":{"line":17,"column":0},"end":{"line":17,"column":27}},"17":{"start":{"line":18,"column":0},"end":{"line":18,"column":24}},"18":{"start":{"line":19,"column":0},"end":{"line":19,"column":43}},"19":{"start":{"line":20,"column":0},"end":{"line":20,"column":23}},"20":{"start":{"line":21,"column":0},"end":{"line":21,"column":42}},"21":{"start":{"line":22,"column":0},"end":{"line":22,"column":20}},"22":{"start":{"line":23,"column":0},"end":{"line":23,"column":70}},"23":{"start":{"line":24,"column":0},"end":{"line":24,"column":9}},"24":{"start":{"line":25,"column":0},"end":{"line":25,"column":6}},"25":{"start":{"line":26,"column":0},"end":{"line":26,"column":0}},"26":{"start":{"line":27,"column":0},"end":{"line":27,"column":55}},"27":{"start":{"line":28,"column":0},"end":{"line":28,"column":42}},"28":{"start":{"line":29,"column":0},"end":{"line":29,"column":44}},"29":{"start":{"line":30,"column":0},"end":{"line":30,"column":67}},"30":{"start":{"line":31,"column":0},"end":{"line":31,"column":0}},"31":{"start":{"line":32,"column":0},"end":{"line":32,"column":48}},"32":{"start":{"line":33,"column":0},"end":{"line":33,"column":47}},"33":{"start":{"line":34,"column":0},"end":{"line":34,"column":51}},"34":{"start":{"line":35,"column":0},"end":{"line":35,"column":54}},"35":{"start":{"line":36,"column":0},"end":{"line":36,"column":44}},"36":{"start":{"line":37,"column":0},"end":{"line":37,"column":13}},"37":{"start":{"line":38,"column":0},"end":{"line":38,"column":36}},"38":{"start":{"line":39,"column":0},"end":{"line":39,"column":9}},"39":{"start":{"line":40,"column":0},"end":{"line":40,"column":0}},"40":{"start":{"line":41,"column":0},"end":{"line":41,"column":24}},"41":{"start":{"line":42,"column":0},"end":{"line":42,"column":6}},"42":{"start":{"line":43,"column":0},"end":{"line":43,"column":0}},"43":{"start":{"line":44,"column":0},"end":{"line":44,"column":61}},"44":{"start":{"line":45,"column":0},"end":{"line":45,"column":29}},"45":{"start":{"line":46,"column":0},"end":{"line":46,"column":30}},"46":{"start":{"line":47,"column":0},"end":{"line":47,"column":56}},"47":{"start":{"line":48,"column":0},"end":{"line":48,"column":39}},"48":{"start":{"line":49,"column":0},"end":{"line":49,"column":0}},"49":{"start":{"line":50,"column":0},"end":{"line":50,"column":20}},"50":{"start":{"line":51,"column":0},"end":{"line":51,"column":52}},"51":{"start":{"line":52,"column":0},"end":{"line":52,"column":33}},"52":{"start":{"line":53,"column":0},"end":{"line":53,"column":34}},"53":{"start":{"line":54,"column":0},"end":{"line":54,"column":0}},"54":{"start":{"line":55,"column":0},"end":{"line":55,"column":19}},"55":{"start":{"line":56,"column":0},"end":{"line":56,"column":9}},"56":{"start":{"line":57,"column":0},"end":{"line":57,"column":0}},"57":{"start":{"line":58,"column":0},"end":{"line":58,"column":13}},"58":{"start":{"line":59,"column":0},"end":{"line":59,"column":46}},"59":{"start":{"line":60,"column":0},"end":{"line":60,"column":45}},"60":{"start":{"line":61,"column":0},"end":{"line":61,"column":39}},"61":{"start":{"line":62,"column":0},"end":{"line":62,"column":29}},"62":{"start":{"line":63,"column":0},"end":{"line":63,"column":35}},"63":{"start":{"line":64,"column":0},"end":{"line":64,"column":26}},"64":{"start":{"line":65,"column":0},"end":{"line":65,"column":25}},"65":{"start":{"line":66,"column":0},"end":{"line":66,"column":33}},"66":{"start":{"line":67,"column":0},"end":{"line":67,"column":88}},"67":{"start":{"line":68,"column":0},"end":{"line":68,"column":19}},"68":{"start":{"line":69,"column":0},"end":{"line":69,"column":34}},"69":{"start":{"line":70,"column":0},"end":{"line":70,"column":9}},"70":{"start":{"line":71,"column":0},"end":{"line":71,"column":6}},"71":{"start":{"line":72,"column":0},"end":{"line":72,"column":0}},"72":{"start":{"line":73,"column":0},"end":{"line":73,"column":37}},"73":{"start":{"line":74,"column":0},"end":{"line":74,"column":52}},"74":{"start":{"line":75,"column":0},"end":{"line":75,"column":19}},"75":{"start":{"line":76,"column":0},"end":{"line":76,"column":9}},"76":{"start":{"line":77,"column":0},"end":{"line":77,"column":98}},"77":{"start":{"line":78,"column":0},"end":{"line":78,"column":49}},"78":{"start":{"line":79,"column":0},"end":{"line":79,"column":41}},"79":{"start":{"line":80,"column":0},"end":{"line":80,"column":6}},"80":{"start":{"line":81,"column":0},"end":{"line":81,"column":0}},"81":{"start":{"line":82,"column":0},"end":{"line":82,"column":49}},"82":{"start":{"line":83,"column":0},"end":{"line":83,"column":51}},"83":{"start":{"line":84,"column":0},"end":{"line":84,"column":98}},"84":{"start":{"line":85,"column":0},"end":{"line":85,"column":0}},"85":{"start":{"line":86,"column":0},"end":{"line":86,"column":60}},"86":{"start":{"line":87,"column":0},"end":{"line":87,"column":26}},"87":{"start":{"line":88,"column":0},"end":{"line":88,"column":9}},"88":{"start":{"line":89,"column":0},"end":{"line":89,"column":6}},"89":{"start":{"line":90,"column":0},"end":{"line":90,"column":0}},"90":{"start":{"line":91,"column":0},"end":{"line":91,"column":40}},"91":{"start":{"line":92,"column":0},"end":{"line":92,"column":73}},"92":{"start":{"line":93,"column":0},"end":{"line":93,"column":34}},"93":{"start":{"line":94,"column":0},"end":{"line":94,"column":72}},"94":{"start":{"line":95,"column":0},"end":{"line":95,"column":9}},"95":{"start":{"line":96,"column":0},"end":{"line":96,"column":6}},"96":{"start":{"line":97,"column":0},"end":{"line":97,"column":0}},"97":{"start":{"line":98,"column":0},"end":{"line":98,"column":43}},"98":{"start":{"line":99,"column":0},"end":{"line":99,"column":34}},"99":{"start":{"line":100,"column":0},"end":{"line":100,"column":75}},"100":{"start":{"line":101,"column":0},"end":{"line":101,"column":9}},"101":{"start":{"line":102,"column":0},"end":{"line":102,"column":6}},"102":{"start":{"line":103,"column":0},"end":{"line":103,"column":0}},"103":{"start":{"line":104,"column":0},"end":{"line":104,"column":21}},"104":{"start":{"line":105,"column":0},"end":{"line":105,"column":25}},"105":{"start":{"line":106,"column":0},"end":{"line":106,"column":7}},"106":{"start":{"line":107,"column":0},"end":{"line":107,"column":0}},"107":{"start":{"line":108,"column":0},"end":{"line":108,"column":23}},"108":{"start":{"line":109,"column":0},"end":{"line":109,"column":28}},"109":{"start":{"line":110,"column":0},"end":{"line":110,"column":7}},"110":{"start":{"line":111,"column":0},"end":{"line":111,"column":9}},"111":{"start":{"line":112,"column":0},"end":{"line":112,"column":0}},"112":{"start":{"line":113,"column":0},"end":{"line":113,"column":10}},"113":{"start":{"line":114,"column":0},"end":{"line":114,"column":21}},"114":{"start":{"line":115,"column":0},"end":{"line":115,"column":43}},"115":{"start":{"line":116,"column":0},"end":{"line":116,"column":106}},"116":{"start":{"line":117,"column":0},"end":{"line":117,"column":83}},"117":{"start":{"line":118,"column":0},"end":{"line":118,"column":14}},"118":{"start":{"line":119,"column":0},"end":{"line":119,"column":44}},"119":{"start":{"line":120,"column":0},"end":{"line":120,"column":66}},"120":{"start":{"line":121,"column":0},"end":{"line":121,"column":69}},"121":{"start":{"line":122,"column":0},"end":{"line":122,"column":23}},"122":{"start":{"line":123,"column":0},"end":{"line":123,"column":24}},"123":{"start":{"line":124,"column":0},"end":{"line":124,"column":46}},"124":{"start":{"line":125,"column":0},"end":{"line":125,"column":115}},"125":{"start":{"line":126,"column":0},"end":{"line":126,"column":25}},"126":{"start":{"line":127,"column":0},"end":{"line":127,"column":24}},"127":{"start":{"line":128,"column":0},"end":{"line":128,"column":23}},"128":{"start":{"line":129,"column":0},"end":{"line":129,"column":79}},"129":{"start":{"line":130,"column":0},"end":{"line":130,"column":63}},"130":{"start":{"line":131,"column":0},"end":{"line":131,"column":120}},"131":{"start":{"line":132,"column":0},"end":{"line":132,"column":25}},"132":{"start":{"line":133,"column":0},"end":{"line":133,"column":24}},"133":{"start":{"line":134,"column":0},"end":{"line":134,"column":20}},"134":{"start":{"line":135,"column":0},"end":{"line":135,"column":14}},"135":{"start":{"line":136,"column":0},"end":{"line":136,"column":10}},"136":{"start":{"line":137,"column":0},"end":{"line":137,"column":11}},"137":{"start":{"line":138,"column":0},"end":{"line":138,"column":0}},"138":{"start":{"line":139,"column":0},"end":{"line":139,"column":14}},"139":{"start":{"line":140,"column":0},"end":{"line":140,"column":18}},"140":{"start":{"line":141,"column":0},"end":{"line":141,"column":16}},"141":{"start":{"line":142,"column":0},"end":{"line":142,"column":14}},"142":{"start":{"line":143,"column":0},"end":{"line":143,"column":17}},"143":{"start":{"line":144,"column":0},"end":{"line":144,"column":21}},"144":{"start":{"line":145,"column":0},"end":{"line":145,"column":1}},"145":{"start":{"line":146,"column":0},"end":{"line":146,"column":8}}},"s":{"0":14,"1":1,"2":1,"3":1,"4":1,"5":1,"6":1,"7":1,"8":1,"9":1,"10":1,"11":1,"12":1,"13":1,"14":6,"15":6,"16":6,"17":6,"18":3,"19":6,"20":1,"21":6,"22":2,"23":6,"24":6,"25":1,"26":1,"27":1,"28":1,"29":1,"30":1,"31":1,"32":1,"33":1,"34":1,"35":2,"36":2,"37":1,"38":1,"39":1,"40":1,"41":1,"42":1,"43":1,"44":4,"45":4,"46":4,"47":4,"48":4,"49":4,"50":1,"51":1,"52":1,"53":1,"54":1,"55":1,"56":3,"57":3,"58":3,"59":1,"60":1,"61":1,"62":1,"63":1,"64":4,"65":2,"66":2,"67":4,"68":3,"69":3,"70":4,"71":1,"72":1,"73":4,"74":1,"75":1,"76":3,"77":3,"78":3,"79":4,"80":1,"81":1,"82":1,"83":1,"84":1,"85":1,"86":1,"87":1,"88":1,"89":1,"90":1,"91":11,"92":11,"93":2,"94":2,"95":11,"96":1,"97":1,"98":1,"99":1,"100":1,"101":1,"102":1,"103":1,"104":11,"105":1,"106":1,"107":1,"108":1,"109":1,"110":1,"111":1,"112":1,"113":1,"114":1,"115":1,"116":1,"117":1,"118":1,"119":1,"120":1,"121":1,"122":1,"123":1,"124":1,"125":1,"126":1,"127":1,"128":1,"129":1,"130":1,"131":1,"132":1,"133":1,"134":1,"135":1,"136":1,"137":1,"138":1,"139":1,"140":1,"141":1,"142":1,"143":1,"144":1,"145":1},"branchMap":{"0":{"type":"branch","line":14,"loc":{"start":{"line":14,"column":21},"end":{"line":25,"column":6}},"locations":[{"start":{"line":14,"column":21},"end":{"line":25,"column":6}}]},"1":{"type":"branch","line":18,"loc":{"start":{"line":18,"column":12},"end":{"line":19,"column":43}},"locations":[{"start":{"line":18,"column":12},"end":{"line":19,"column":43}}]},"2":{"type":"branch","line":20,"loc":{"start":{"line":20,"column":12},"end":{"line":21,"column":42}},"locations":[{"start":{"line":20,"column":12},"end":{"line":21,"column":42}}]},"3":{"type":"branch","line":22,"loc":{"start":{"line":22,"column":12},"end":{"line":23,"column":70}},"locations":[{"start":{"line":22,"column":12},"end":{"line":23,"column":70}}]},"4":{"type":"branch","line":27,"loc":{"start":{"line":27,"column":22},"end":{"line":42,"column":6}},"locations":[{"start":{"line":27,"column":22},"end":{"line":42,"column":6}}]},"5":{"type":"branch","line":35,"loc":{"start":{"line":35,"column":53},"end":{"line":37,"column":13}},"locations":[{"start":{"line":35,"column":53},"end":{"line":37,"column":13}}]},"6":{"type":"branch","line":44,"loc":{"start":{"line":44,"column":21},"end":{"line":71,"column":6}},"locations":[{"start":{"line":44,"column":21},"end":{"line":71,"column":6}}]},"7":{"type":"branch","line":50,"loc":{"start":{"line":50,"column":19},"end":{"line":56,"column":9}},"locations":[{"start":{"line":50,"column":19},"end":{"line":56,"column":9}}]},"8":{"type":"branch","line":56,"loc":{"start":{"line":56,"column":8},"end":{"line":59,"column":46}},"locations":[{"start":{"line":56,"column":8},"end":{"line":59,"column":46}}]},"9":{"type":"branch","line":59,"loc":{"start":{"line":59,"column":44},"end":{"line":65,"column":17}},"locations":[{"start":{"line":59,"column":44},"end":{"line":65,"column":17}}]},"10":{"type":"branch","line":65,"loc":{"start":{"line":65,"column":8},"end":{"line":68,"column":10}},"locations":[{"start":{"line":65,"column":8},"end":{"line":68,"column":10}}]},"11":{"type":"branch","line":68,"loc":{"start":{"line":68,"column":8},"end":{"line":70,"column":9}},"locations":[{"start":{"line":68,"column":8},"end":{"line":70,"column":9}}]},"12":{"type":"branch","line":73,"loc":{"start":{"line":73,"column":24},"end":{"line":80,"column":6}},"locations":[{"start":{"line":73,"column":24},"end":{"line":80,"column":6}}]},"13":{"type":"branch","line":74,"loc":{"start":{"line":74,"column":51},"end":{"line":76,"column":9}},"locations":[{"start":{"line":74,"column":51},"end":{"line":76,"column":9}}]},"14":{"type":"branch","line":76,"loc":{"start":{"line":76,"column":8},"end":{"line":79,"column":41}},"locations":[{"start":{"line":76,"column":8},"end":{"line":79,"column":41}}]},"15":{"type":"branch","line":82,"loc":{"start":{"line":82,"column":24},"end":{"line":89,"column":6}},"locations":[{"start":{"line":82,"column":24},"end":{"line":89,"column":6}}]},"16":{"type":"branch","line":91,"loc":{"start":{"line":91,"column":27},"end":{"line":96,"column":6}},"locations":[{"start":{"line":91,"column":27},"end":{"line":96,"column":6}}]},"17":{"type":"branch","line":93,"loc":{"start":{"line":93,"column":33},"end":{"line":95,"column":9}},"locations":[{"start":{"line":93,"column":33},"end":{"line":95,"column":9}}]},"18":{"type":"branch","line":98,"loc":{"start":{"line":98,"column":30},"end":{"line":102,"column":6}},"locations":[{"start":{"line":98,"column":30},"end":{"line":102,"column":6}}]},"19":{"type":"branch","line":104,"loc":{"start":{"line":104,"column":14},"end":{"line":106,"column":5}},"locations":[{"start":{"line":104,"column":14},"end":{"line":106,"column":5}}]},"20":{"type":"branch","line":108,"loc":{"start":{"line":108,"column":16},"end":{"line":110,"column":5}},"locations":[{"start":{"line":108,"column":16},"end":{"line":110,"column":5}}]},"21":{"type":"branch","line":124,"loc":{"start":{"line":124,"column":24},"end":{"line":124,"column":46}},"locations":[{"start":{"line":124,"column":24},"end":{"line":124,"column":46}}]},"22":{"type":"branch","line":117,"loc":{"start":{"line":117,"column":23},"end":{"line":117,"column":83}},"locations":[{"start":{"line":117,"column":23},"end":{"line":117,"column":83}}]},"23":{"type":"branch","line":117,"loc":{"start":{"line":117,"column":73},"end":{"line":117,"column":83}},"locations":[{"start":{"line":117,"column":73},"end":{"line":117,"column":83}}]},"24":{"type":"branch","line":119,"loc":{"start":{"line":119,"column":19},"end":{"line":119,"column":44}},"locations":[{"start":{"line":119,"column":19},"end":{"line":119,"column":44}}]},"25":{"type":"branch","line":1,"loc":{"start":{"line":1,"column":0},"end":{"line":1,"column":24}},"locations":[{"start":{"line":1,"column":0},"end":{"line":1,"column":24}}]}},"b":{"0":[6],"1":[3],"2":[1],"3":[2],"4":[1],"5":[2],"6":[4],"7":[1],"8":[3],"9":[1],"10":[2],"11":[3],"12":[4],"13":[1],"14":[3],"15":[1],"16":[11],"17":[2],"18":[1],"19":[11],"20":[1],"21":[1],"22":[3],"23":[15],"24":[3],"25":[14]},"fnMap":{"0":{"name":"readFile","decl":{"start":{"line":14,"column":21},"end":{"line":25,"column":6}},"loc":{"start":{"line":14,"column":21},"end":{"line":25,"column":6}},"line":14},"1":{"name":"csvToJson","decl":{"start":{"line":27,"column":22},"end":{"line":42,"column":6}},"loc":{"start":{"line":27,"column":22},"end":{"line":42,"column":6}},"line":27},"2":{"name":"loadFile","decl":{"start":{"line":44,"column":21},"end":{"line":71,"column":6}},"loc":{"start":{"line":44,"column":21},"end":{"line":71,"column":6}},"line":44},"3":{"name":"addMoreRows","decl":{"start":{"line":73,"column":24},"end":{"line":80,"column":6}},"loc":{"start":{"line":73,"column":24},"end":{"line":80,"column":6}},"line":73},"4":{"name":"checkScroll","decl":{"start":{"line":82,"column":24},"end":{"line":89,"column":6}},"loc":{"start":{"line":82,"column":24},"end":{"line":89,"column":6}},"line":82},"5":{"name":"addScrollEvent","decl":{"start":{"line":91,"column":27},"end":{"line":96,"column":6}},"loc":{"start":{"line":91,"column":27},"end":{"line":96,"column":6}},"line":91},"6":{"name":"removeScrollEvent","decl":{"start":{"line":98,"column":30},"end":{"line":102,"column":6}},"loc":{"start":{"line":98,"column":30},"end":{"line":102,"column":6}},"line":98}},"f":{"0":6,"1":1,"2":4,"3":4,"4":1,"5":11,"6":1}}
,"/home/aivaras/Code/scrolltable/src/config/config.ts": {"path":"/home/aivaras/Code/scrolltable/src/config/config.ts","all":false,"statementMap":{"0":{"start":{"line":1,"column":0},"end":{"line":1,"column":23}},"1":{"start":{"line":2,"column":0},"end":{"line":2,"column":16}},"2":{"start":{"line":3,"column":0},"end":{"line":3,"column":22}},"3":{"start":{"line":4,"column":0},"end":{"line":4,"column":2}}},"s":{"0":1,"1":1,"2":1,"3":1},"branchMap":{},"b":{},"fnMap":{},"f":{}}
}
